<?xml version="1.0" encoding="UTF-8"?>
<testng-results ignored="0" total="1" passed="1" failed="0" skipped="0">
  <reporter-output>
  </reporter-output>
  <suite started-at="2023-05-12T13:59:00 IST" name="Suite" finished-at="2023-05-12T13:59:25 IST" duration-ms="25063">
    <groups>
    </groups>
    <test started-at="2023-05-12T13:59:00 IST" name="Test2" finished-at="2023-05-12T13:59:25 IST" duration-ms="25063">
      <class name="testCases.RegisterTS_001">
        <test-method is-config="true" signature="setup(java.lang.String)[pri:0, instance:testCases.RegisterTS_001@1c7696c6]" started-at="2023-05-12T13:59:01 IST" name="setup" finished-at="2023-05-12T13:59:08 IST" duration-ms="7122" status="PASS">
          <params>
            <param index="0">
              <value>
                <![CDATA[chrome]]>
              </value>
            </param>
          </params>
          <reporter-output>
          </reporter-output>
        </test-method> <!-- setup -->
        <test-method signature="register()[pri:0, instance:testCases.RegisterTS_001@1c7696c6]" started-at="2023-05-12T13:59:08 IST" name="register" finished-at="2023-05-12T13:59:25 IST" duration-ms="17119" status="PASS">
          <reporter-output>
          </reporter-output>
        </test-method> <!-- register -->
        <test-method is-config="true" signature="tearDown()[pri:0, instance:testCases.RegisterTS_001@1c7696c6]" started-at="2023-05-12T13:59:25 IST" name="tearDown" finished-at="2023-05-12T13:59:25 IST" duration-ms="261" status="PASS">
          <reporter-output>
          </reporter-output>
        </test-method> <!-- tearDown -->
      </class> <!-- testCases.RegisterTS_001 -->
    </test> <!-- Test2 -->
  </suite> <!-- Suite -->
</testng-results>
